<?xml version="1.0" encoding="UTF-8"?>
<testng-results ignored="1" total="6" passed="5" failed="0" skipped="0">
  <reporter-output>
  </reporter-output>
  <suite started-at="2023-02-08T18:16:51 IST" name="Default suite" finished-at="2023-02-08T18:17:56 IST" duration-ms="65533">
    <groups>
    </groups>
    <test started-at="2023-02-08T18:16:51 IST" name="Default test" finished-at="2023-02-08T18:17:56 IST" duration-ms="65533">
      <class name="tests.Tests">
        <test-method is-config="true" signature="setup()[pri:0, instance:tests.Tests@45385f75]" started-at="2023-02-08T18:16:51 IST" name="setup" finished-at="2023-02-08T18:16:59 IST" duration-ms="8024" status="PASS">
          <reporter-output>
          </reporter-output>
        </test-method> <!-- setup -->
        <test-method signature="book_ap()[pri:1, instance:tests.Tests@45385f75]" started-at="2023-02-08T18:16:59 IST" name="book_ap" finished-at="2023-02-08T18:17:15 IST" duration-ms="16482" status="PASS">
          <reporter-output>
          </reporter-output>
        </test-method> <!-- book_ap -->
        <test-method signature="back()[pri:2, instance:tests.Tests@45385f75]" started-at="2023-02-08T18:17:15 IST" name="back" finished-at="2023-02-08T18:17:21 IST" duration-ms="5324" status="PASS">
          <reporter-output>
          </reporter-output>
        </test-method> <!-- back -->
        <test-method signature="logintest(java.lang.String,java.lang.String)[pri:4, instance:tests.Tests@45385f75]" started-at="2023-02-08T18:17:21 IST" name="logintest" data-provider="excelTest" finished-at="2023-02-08T18:17:32 IST" duration-ms="11364" status="PASS">
          <params>
            <param index="0">
              <value>
                <![CDATA[user1@gmail.com]]>
              </value>
            </param>
            <param index="1">
              <value>
                <![CDATA[password]]>
              </value>
            </param>
          </params>
          <reporter-output>
          </reporter-output>
        </test-method> <!-- logintest -->
        <test-method signature="logintest(java.lang.String,java.lang.String)[pri:4, instance:tests.Tests@45385f75]" started-at="2023-02-08T18:17:32 IST" name="logintest" data-provider="excelTest" finished-at="2023-02-08T18:17:44 IST" duration-ms="11864" status="PASS">
          <params>
            <param index="0">
              <value>
                <![CDATA[user2@gmail.com]]>
              </value>
            </param>
            <param index="1">
              <value>
                <![CDATA[password]]>
              </value>
            </param>
          </params>
          <reporter-output>
          </reporter-output>
        </test-method> <!-- logintest -->
        <test-method signature="logintest(java.lang.String,java.lang.String)[pri:4, instance:tests.Tests@45385f75]" started-at="2023-02-08T18:17:44 IST" name="logintest" data-provider="excelTest" finished-at="2023-02-08T18:17:56 IST" duration-ms="11979" status="PASS">
          <params>
            <param index="0">
              <value>
                <![CDATA[user3@gmail.com]]>
              </value>
            </param>
            <param index="1">
              <value>
                <![CDATA[password]]>
              </value>
            </param>
          </params>
          <reporter-output>
          </reporter-output>
        </test-method> <!-- logintest -->
        <test-method is-config="true" signature="teardown()[pri:0, instance:tests.Tests@45385f75]" started-at="2023-02-08T18:17:56 IST" name="teardown" finished-at="2023-02-08T18:17:56 IST" duration-ms="172" status="PASS">
          <reporter-output>
          </reporter-output>
        </test-method> <!-- teardown -->
      </class> <!-- tests.Tests -->
    </test> <!-- Default test -->
  </suite> <!-- Default suite -->
</testng-results>
