<?xml version="1.0" encoding="UTF-8"?>
<!-- Generated by org.testng.reporters.JUnitXMLReporter -->
<testsuite ignored="1" hostname="DESKTOP-73VT5SL" failures="0" tests="5" name="Test" time="67.708" errors="0" timestamp="2023-02-08T17:46:11 IST">
  <testcase classname="tests.Tests" name="book_ap" time="18.405"/>
  <testcase classname="tests.Tests" name="back" time="5.483"/>
  <testcase classname="tests.Tests" name="logintest" time="11.902"/>
  <testcase classname="tests.Tests" name="logintest" time="12.251"/>
  <testcase classname="tests.Tests" name="logintest" time="11.823"/>
  <testcase classname="tests.Tests" name="createnewuser" time="0.0">
    <ignored/>
  </testcase> <!-- createnewuser -->
</testsuite> <!-- Test -->
