<?xml version="1.0" encoding="UTF-8"?>
<!-- Generated by org.testng.reporters.JUnitXMLReporter -->
<testsuite ignored="1" hostname="DESKTOP-73VT5SL" failures="1" tests="5" name="Test" time="58.207" errors="0" timestamp="2023-02-14T18:03:11 IST">
  <testcase classname="tests.Tests" name="book_ap" time="13.906">
    <failure type="java.lang.AssertionError" message="expected [true] but found [false]">
      <![CDATA[java.lang.AssertionError: expected [true] but found [false]
at tests.Tests.book_ap(Tests.java:35)
at java.base/java.util.ArrayList.forEach(ArrayList.java:1511)
... Removed 29 stack frames]]>
    </failure>
  </testcase> <!-- book_ap -->
  <testcase classname="tests.Tests" name="back" time="4.492"/>
  <testcase classname="tests.Tests" name="logintest" time="10.666"/>
  <testcase classname="tests.Tests" name="logintest" time="10.615"/>
  <testcase classname="tests.Tests" name="logintest" time="10.78"/>
  <testcase classname="tests.Tests" name="createnewuser" time="0.0">
    <ignored/>
  </testcase> <!-- createnewuser -->
</testsuite> <!-- Test -->
