<?xml version="1.0" encoding="UTF-8"?>
<testng-results ignored="0" total="1" passed="1" failed="0" skipped="0">
  <reporter-output>
  </reporter-output>
  <suite started-at="2023-02-08T15:05:30 IST" name="Default suite" finished-at="2023-02-08T15:05:48 IST" duration-ms="17585">
    <groups>
    </groups>
    <test started-at="2023-02-08T15:05:30 IST" name="Default test" finished-at="2023-02-08T15:05:48 IST" duration-ms="17585">
      <class name="LoginTest.ToVerifyHomePageTest">
        <test-method is-config="true" signature="bsconfig()[pri:0, instance:LoginTest.ToVerifyHomePageTest@6973b51b]" started-at="2023-02-08T15:05:30 IST" name="bsconfig" finished-at="2023-02-08T15:05:30 IST" duration-ms="8" status="PASS">
          <reporter-output>
          </reporter-output>
        </test-method> <!-- bsconfig -->
        <test-method is-config="true" signature="bcconfig()[pri:0, instance:LoginTest.ToVerifyHomePageTest@6973b51b]" started-at="2023-02-08T15:05:30 IST" name="bcconfig" finished-at="2023-02-08T15:05:42 IST" duration-ms="11620" status="PASS">
          <reporter-output>
          </reporter-output>
        </test-method> <!-- bcconfig -->
        <test-method is-config="true" signature="bmConfig()[pri:0, instance:LoginTest.ToVerifyHomePageTest@6973b51b]" started-at="2023-02-08T15:05:42 IST" name="bmConfig" finished-at="2023-02-08T15:05:42 IST" duration-ms="267" status="PASS">
          <reporter-output>
          </reporter-output>
        </test-method> <!-- bmConfig -->
        <test-method signature="toVerifyHomePageTest()[pri:0, instance:LoginTest.ToVerifyHomePageTest@6973b51b]" started-at="2023-02-08T15:05:42 IST" name="toVerifyHomePageTest" finished-at="2023-02-08T15:05:46 IST" duration-ms="4095" status="PASS">
          <reporter-output>
          </reporter-output>
        </test-method> <!-- toVerifyHomePageTest -->
        <test-method is-config="true" signature="amconfig()[pri:0, instance:LoginTest.ToVerifyHomePageTest@6973b51b]" started-at="2023-02-08T15:05:46 IST" name="amconfig" finished-at="2023-02-08T15:05:47 IST" duration-ms="1354" status="PASS">
          <reporter-output>
          </reporter-output>
        </test-method> <!-- amconfig -->
        <test-method is-config="true" signature="acConfig()[pri:0, instance:LoginTest.ToVerifyHomePageTest@6973b51b]" started-at="2023-02-08T15:05:47 IST" name="acConfig" finished-at="2023-02-08T15:05:48 IST" duration-ms="215" status="PASS">
          <reporter-output>
          </reporter-output>
        </test-method> <!-- acConfig -->
        <test-method is-config="true" signature="asConfig()[pri:0, instance:LoginTest.ToVerifyHomePageTest@6973b51b]" started-at="2023-02-08T15:05:48 IST" name="asConfig" finished-at="2023-02-08T15:05:48 IST" duration-ms="1" status="PASS">
          <reporter-output>
          </reporter-output>
        </test-method> <!-- asConfig -->
      </class> <!-- LoginTest.ToVerifyHomePageTest -->
    </test> <!-- Default test -->
  </suite> <!-- Default suite -->
</testng-results>
